<component name="libraryTable">
  <library name="junit5" type="repository">
    <properties maven-id="com.salesforce.kafka.test:kafka-junit5:1.1.0" />
    <CLASSES>
      <root url="jar://$PROJECT_DIR$/lib/kafka-junit5-1.1.0.jar!/" />
      <root url="jar://$PROJECT_DIR$/lib/kafka-junit-core-1.0.0.jar!/" />
      <root url="jar://$PROJECT_DIR$/lib/kafka_2.11-0.11.0.1.jar!/" />
      <root url="jar://$PROJECT_DIR$/lib/jopt-simple-5.0.3.jar!/" />
      <root url="jar://$PROJECT_DIR$/lib/metrics-core-2.2.0.jar!/" />
      <root url="jar://$PROJECT_DIR$/lib/scala-library-2.11.11.jar!/" />
      <root url="jar://$PROJECT_DIR$/lib/zkclient-0.10.jar!/" />
      <root url="jar://$PROJECT_DIR$/lib/scala-parser-combinators_2.11-1.0.4.jar!/" />
      <root url="jar://$PROJECT_DIR$/lib/kafka-clients-0.11.0.1.jar!/" />
      <root url="jar://$PROJECT_DIR$/lib/lz4-1.3.0.jar!/" />
      <root url="jar://$PROJECT_DIR$/lib/snappy-java-1.1.2.6.jar!/" />
      <root url="jar://$PROJECT_DIR$/lib/slf4j-api-1.7.25.jar!/" />
      <root url="jar://$PROJECT_DIR$/lib/junit-jupiter-engine-5.1.1.jar!/" />
      <root url="jar://$PROJECT_DIR$/lib/apiguardian-api-1.0.0.jar!/" />
      <root url="jar://$PROJECT_DIR$/lib/junit-platform-engine-1.1.1.jar!/" />
      <root url="jar://$PROJECT_DIR$/lib/junit-platform-commons-1.1.1.jar!/" />
      <root url="jar://$PROJECT_DIR$/lib/opentest4j-1.0.0.jar!/" />
      <root url="jar://$PROJECT_DIR$/lib/junit-jupiter-api-5.1.1.jar!/" />
      <root url="jar://$PROJECT_DIR$/lib/curator-test-2.12.0.jar!/" />
      <root url="jar://$PROJECT_DIR$/lib/zookeeper-3.4.8.jar!/" />
      <root url="jar://$PROJECT_DIR$/lib/log4j-1.2.16.jar!/" />
      <root url="jar://$PROJECT_DIR$/lib/jline-0.9.94.jar!/" />
      <root url="jar://$PROJECT_DIR$/lib/netty-3.7.0.Final.jar!/" />
      <root url="jar://$PROJECT_DIR$/lib/javassist-3.18.1-GA.jar!/" />
      <root url="jar://$PROJECT_DIR$/lib/guava-16.0.1.jar!/" />
    </CLASSES>
    <JAVADOC>
      <root url="jar://$PROJECT_DIR$/lib/kafka-junit5-1.1.0-javadoc.jar!/" />
      <root url="jar://$PROJECT_DIR$/lib/kafka-junit-core-1.0.0-javadoc.jar!/" />
      <root url="jar://$PROJECT_DIR$/lib/kafka_2.11-0.11.0.1-javadoc.jar!/" />
      <root url="jar://$PROJECT_DIR$/lib/jopt-simple-5.0.3-javadoc.jar!/" />
      <root url="jar://$PROJECT_DIR$/lib/metrics-core-2.2.0-javadoc.jar!/" />
      <root url="jar://$PROJECT_DIR$/lib/scala-library-2.11.11-javadoc.jar!/" />
      <root url="jar://$PROJECT_DIR$/lib/zkclient-0.10-javadoc.jar!/" />
      <root url="jar://$PROJECT_DIR$/lib/scala-parser-combinators_2.11-1.0.4-javadoc.jar!/" />
      <root url="jar://$PROJECT_DIR$/lib/kafka-clients-0.11.0.1-javadoc.jar!/" />
      <root url="jar://$PROJECT_DIR$/lib/lz4-1.3.0-javadoc.jar!/" />
      <root url="jar://$PROJECT_DIR$/lib/snappy-java-1.1.2.6-javadoc.jar!/" />
      <root url="jar://$PROJECT_DIR$/lib/slf4j-api-1.7.25-javadoc.jar!/" />
      <root url="jar://$PROJECT_DIR$/lib/junit-jupiter-engine-5.1.1-javadoc.jar!/" />
      <root url="jar://$PROJECT_DIR$/lib/apiguardian-api-1.0.0-javadoc.jar!/" />
      <root url="jar://$PROJECT_DIR$/lib/junit-platform-engine-1.1.1-javadoc.jar!/" />
      <root url="jar://$PROJECT_DIR$/lib/junit-platform-commons-1.1.1-javadoc.jar!/" />
      <root url="jar://$PROJECT_DIR$/lib/opentest4j-1.0.0-javadoc.jar!/" />
      <root url="jar://$PROJECT_DIR$/lib/junit-jupiter-api-5.1.1-javadoc.jar!/" />
      <root url="jar://$PROJECT_DIR$/lib/curator-test-2.12.0-javadoc.jar!/" />
      <root url="jar://$PROJECT_DIR$/lib/zookeeper-3.4.8-javadoc.jar!/" />
      <root url="jar://$PROJECT_DIR$/lib/log4j-1.2.16-javadoc.jar!/" />
      <root url="jar://$PROJECT_DIR$/lib/netty-3.7.0.Final-javadoc.jar!/" />
      <root url="jar://$PROJECT_DIR$/lib/javassist-3.18.1-GA-javadoc.jar!/" />
      <root url="jar://$PROJECT_DIR$/lib/guava-16.0.1-javadoc.jar!/" />
    </JAVADOC>
    <SOURCES>
      <root url="jar://$PROJECT_DIR$/lib/kafka-junit5-1.1.0-sources.jar!/" />
      <root url="jar://$PROJECT_DIR$/lib/kafka-junit-core-1.0.0-sources.jar!/" />
      <root url="jar://$PROJECT_DIR$/lib/kafka_2.11-0.11.0.1-sources.jar!/" />
      <root url="jar://$PROJECT_DIR$/lib/jopt-simple-5.0.3-sources.jar!/" />
      <root url="jar://$PROJECT_DIR$/lib/metrics-core-2.2.0-sources.jar!/" />
      <root url="jar://$PROJECT_DIR$/lib/scala-library-2.11.11-sources.jar!/" />
      <root url="jar://$PROJECT_DIR$/lib/zkclient-0.10-sources.jar!/" />
      <root url="jar://$PROJECT_DIR$/lib/scala-parser-combinators_2.11-1.0.4-sources.jar!/" />
      <root url="jar://$PROJECT_DIR$/lib/kafka-clients-0.11.0.1-sources.jar!/" />
      <root url="jar://$PROJECT_DIR$/lib/lz4-1.3.0-sources.jar!/" />
      <root url="jar://$PROJECT_DIR$/lib/snappy-java-1.1.2.6-sources.jar!/" />
      <root url="jar://$PROJECT_DIR$/lib/slf4j-api-1.7.25-sources.jar!/" />
      <root url="jar://$PROJECT_DIR$/lib/junit-jupiter-engine-5.1.1-sources.jar!/" />
      <root url="jar://$PROJECT_DIR$/lib/apiguardian-api-1.0.0-sources.jar!/" />
      <root url="jar://$PROJECT_DIR$/lib/junit-platform-engine-1.1.1-sources.jar!/" />
      <root url="jar://$PROJECT_DIR$/lib/junit-platform-commons-1.1.1-sources.jar!/" />
      <root url="jar://$PROJECT_DIR$/lib/opentest4j-1.0.0-sources.jar!/" />
      <root url="jar://$PROJECT_DIR$/lib/junit-jupiter-api-5.1.1-sources.jar!/" />
      <root url="jar://$PROJECT_DIR$/lib/curator-test-2.12.0-sources.jar!/" />
      <root url="jar://$PROJECT_DIR$/lib/zookeeper-3.4.8-sources.jar!/" />
      <root url="jar://$PROJECT_DIR$/lib/log4j-1.2.16-sources.jar!/" />
      <root url="jar://$PROJECT_DIR$/lib/jline-0.9.94-sources.jar!/" />
      <root url="jar://$PROJECT_DIR$/lib/netty-3.7.0.Final-sources.jar!/" />
      <root url="jar://$PROJECT_DIR$/lib/javassist-3.18.1-GA-sources.jar!/" />
      <root url="jar://$PROJECT_DIR$/lib/guava-16.0.1-sources.jar!/" />
    </SOURCES>
  </library>
</component>